[2025-11-28 11:31:48][Info] Creating Vex Graphics Backend with API Support:
	DX12: 1 Vulkan: 0
[2025-11-28 11:31:48][Info] Running Vex in Debug (no optimizations with debug symbols)
[2025-11-28 11:31:49][Info] Dumping feature checker support for physical device:
	Device name: NVIDIA GeForce RTX 4090 Laptop GPU
	Dedicated video memory (MB): 16050
	Max feature level: Level_12_2
	Resource binding tier: ResourceTier3
	Shader model: SM_6_8
	Advanced Features:
		Mesh Shaders: true
		RayTracing: true
		BindlessResources: true
[2025-11-28 11:31:49][Info] DX12 Debug callback registered successfully.
[2025-11-28 11:31:49][Info] Created graphics backend with width 1280 and height 720.
[2025-11-28 11:31:49][Info] SwapChain now uses the format (BGRA8_UNORM) with color space sRGB.
[2025-11-28 11:31:49][Warning] [DX12][STATE_CREATION][ID:818] ID3D12Device::CreatePlacedResource: D3D12_CLEAR_VALUE::Color[ 1 ] is a denormalized value, and will be flushed to zero.
[2025-11-28 11:31:49][Warning] [DX12][STATE_CREATION][ID:818] ID3D12Device::CreatePlacedResource: D3D12_CLEAR_VALUE::Color[ 1 ] is a denormalized value, and will be flushed to zero.
[2025-11-28 11:31:49][Warning] [DX12][STATE_CREATION][ID:818] ID3D12Device::CreatePlacedResource: D3D12_CLEAR_VALUE::Color[ 1 ] is a denormalized value, and will be flushed to zero.
[2025-11-28 11:31:49][Error] Failed to compile shader:
	- ShaderKey(
	Path: "shaders/example_cube.hlsl"
	Entry Point: "VSMain"
	Type: VertexShader
	Defines: []
	Compiler: Auto):
	- Reason: Failed to load shader from filesystem at path: shaders/example_cube.hlsl.
[2025-11-28 11:31:49][Error] Failed to compile shader:
	- ShaderKey(
	Path: "shaders/example_cube.hlsl"
	Entry Point: "PSMain"
	Type: PixelShader
	Defines: []
	Compiler: Auto):
	- Reason: Failed to load shader from filesystem at path: shaders/example_cube.hlsl.
[2025-11-28 11:31:49][Error] Failed to compile shader:
	- ShaderKey(
	Path: "shaders/example_cube.slang"
	Entry Point: "VSMain"
	Type: VertexShader
	Defines: []
	Compiler: Auto):
	- Reason: Unable to loadModule: (0): error 1: cannot open file 'shaders/example_cube.slang'.

[2025-11-28 11:31:49][Error] Failed to compile shader:
	- ShaderKey(
	Path: "shaders/example_cube.slang"
	Entry Point: "PSMain"
	Type: PixelShader
	Defines: []
	Compiler: Auto):
	- Reason: Unable to loadModule: (0): error 1: cannot open file 'shaders/example_cube.slang'.

[2025-11-28 11:31:58][Info] Forcing a GPU flush...
[2025-11-28 11:31:58][Info] DX12 Debug callback unregistered successfully.
